<?xml version="1.0" encoding="UTF-8"?>
<!-- Generated by org.testng.reporters.JUnitXMLReporter -->
<testsuite hostname="prakash-PC" name="Test" tests="5" failures="0" timestamp="21 Jan 2015 16:46:08 GMT" time="18.493" errors="0">
  <testcase name="@BeforeClass configBeforeClass" time="0.0" classname="com.actitime.projectandcustomerTest.ProjectAndCustomerTest">
    <failure type="java.io.FileNotFoundException" message="E:\prakash_Selenium\Test_Data.xls (The system cannot find the file specified)">
      <![CDATA[java.io.FileNotFoundException: E:\prakash_Selenium\Test_Data.xls (The system cannot find the file specified)
	at java.io.FileInputStream.open(Native Method)
	at java.io.FileInputStream.<init>(FileInputStream.java:146)
	at java.io.FileInputStream.<init>(FileInputStream.java:101)
	at com.actitime.genericLib.ExcelLib.getExcelData(ExcelLib.java:20)
	at com.actitime.projectandcustomerTest.ProjectAndCustomerTest.configBeforeClass(ProjectAndCustomerTest.java:58)
... Removed 24 stack frames]]>
    </failure>
  </testcase> <!-- @BeforeClass configBeforeClass -->
  <testcase name="@BeforeMethod configBeforeMtd" time="0.0" classname="com.actitime.projectandcustomerTest.ProjectAndCustomerTest">
    <skipped/>
  </testcase> <!-- @BeforeMethod configBeforeMtd -->
  <testcase name="@AfterMethod configAfterMtd" time="0.0" classname="com.actitime.projectandcustomerTest.ProjectAndCustomerTest">
    <skipped/>
  </testcase> <!-- @AfterMethod configAfterMtd -->
  <testcase name="@BeforeMethod configBeforeMtd" time="0.0" classname="com.actitime.projectandcustomerTest.ProjectAndCustomerTest">
    <skipped/>
  </testcase> <!-- @BeforeMethod configBeforeMtd -->
  <testcase name="@AfterMethod configAfterMtd" time="0.0" classname="com.actitime.projectandcustomerTest.ProjectAndCustomerTest">
    <skipped/>
  </testcase> <!-- @AfterMethod configAfterMtd -->
  <testcase name="@AfterClass configAfterClass" time="0.0" classname="com.actitime.projectandcustomerTest.ProjectAndCustomerTest">
    <skipped/>
  </testcase> <!-- @AfterClass configAfterClass -->
  <testcase name="@BeforeMethod configBeforeMtd" time="0.0" classname="com.actitime.reporttest.ReportTest">
    <failure type="java.io.FileNotFoundException" message="E:\prakash_Selenium\Test_Data.xls (The system cannot find the file specified)">
      <![CDATA[java.io.FileNotFoundException: E:\prakash_Selenium\Test_Data.xls (The system cannot find the file specified)
	at java.io.FileInputStream.open(Native Method)
	at java.io.FileInputStream.<init>(FileInputStream.java:146)
	at java.io.FileInputStream.<init>(FileInputStream.java:101)
	at com.actitime.genericLib.ExcelLib.getExcelData(ExcelLib.java:20)
	at com.actitime.reporttest.ReportTest.configBeforeMtd(ReportTest.java:62)
... Removed 26 stack frames]]>
    </failure>
  </testcase> <!-- @BeforeMethod configBeforeMtd -->
  <testcase name="@AfterMethod configAfterMtd" time="0.0" classname="com.actitime.reporttest.ReportTest">
    <skipped/>
  </testcase> <!-- @AfterMethod configAfterMtd -->
  <testcase name="@BeforeMethod configBeforeMtd" time="0.0" classname="com.actitime.reporttest.ReportTest">
    <skipped/>
  </testcase> <!-- @BeforeMethod configBeforeMtd -->
  <testcase name="@AfterMethod configAfterMtd" time="0.0" classname="com.actitime.reporttest.ReportTest">
    <skipped/>
  </testcase> <!-- @AfterMethod configAfterMtd -->
  <testcase name="@AfterClass configAfterClass" time="0.0" classname="com.actitime.reporttest.ReportTest">
    <skipped/>
  </testcase> <!-- @AfterClass configAfterClass -->
  <testcase name="createCustomer" time="0.0" classname="com.actitime.projectandcustomerTest.ProjectAndCustomerTest">
    <skipped/>
  </testcase> <!-- createCustomer -->
  <testcase name="modifyCustomer" time="0.0" classname="com.actitime.projectandcustomerTest.ProjectAndCustomerTest">
    <skipped/>
  </testcase> <!-- modifyCustomer -->
  <testcase name="takeScreenShot" time="0.01" classname="com.actitime.genericLib.ReportLib">
    <skipped/>
  </testcase> <!-- takeScreenShot -->
  <testcase name="createReportTest" time="0.0" classname="com.actitime.reporttest.ReportTest">
    <skipped/>
  </testcase> <!-- createReportTest -->
  <testcase name="modifyReportTest" time="0.0" classname="com.actitime.reporttest.ReportTest">
    <skipped/>
  </testcase> <!-- modifyReportTest -->
</testsuite> <!-- Test -->
