<?xml version="1.0" encoding="UTF-8"?>
<testng-results skipped="2" failed="0" total="2" passed="0">
  <reporter-output>
  </reporter-output>
  <suite name="Default suite" duration-ms="10463" started-at="2015-01-21T16:51:58Z" finished-at="2015-01-21T16:52:08Z">
    <groups>
    </groups>
    <test name="Default test" duration-ms="10463" started-at="2015-01-21T16:51:58Z" finished-at="2015-01-21T16:52:08Z">
      <class name="com.actitime.projectandcustomerTest.ProjectAndCustomerTest">
        <test-method status="FAIL" signature="configBeforeClass()[pri:0, instance:com.actitime.projectandcustomerTest.ProjectAndCustomerTest@863cc1]" name="configBeforeClass" is-config="true" duration-ms="0" started-at="2015-01-21T22:21:58Z" finished-at="2015-01-21T22:21:58Z">
          <exception class="java.io.FileNotFoundException">
            <message>
              <![CDATA[E:\prakash_Selenium\Test_Data.xls (The system cannot find the file specified)]]>
            </message>
            <full-stacktrace>
              <![CDATA[java.io.FileNotFoundException: E:\prakash_Selenium\Test_Data.xls (The system cannot find the file specified)
	at java.io.FileInputStream.open(Native Method)
	at java.io.FileInputStream.<init>(FileInputStream.java:146)
	at java.io.FileInputStream.<init>(FileInputStream.java:101)
	at com.actitime.genericLib.ExcelLib.getExcelData(ExcelLib.java:20)
	at com.actitime.projectandcustomerTest.ProjectAndCustomerTest.configBeforeClass(ProjectAndCustomerTest.java:58)
	at sun.reflect.NativeMethodAccessorImpl.invoke0(Native Method)
	at sun.reflect.NativeMethodAccessorImpl.invoke(NativeMethodAccessorImpl.java:57)
	at sun.reflect.DelegatingMethodAccessorImpl.invoke(DelegatingMethodAccessorImpl.java:43)
	at java.lang.reflect.Method.invoke(Method.java:606)
	at org.testng.internal.MethodInvocationHelper.invokeMethod(MethodInvocationHelper.java:84)
	at org.testng.internal.Invoker.invokeConfigurationMethod(Invoker.java:564)
	at org.testng.internal.Invoker.invokeConfigurations(Invoker.java:213)
	at org.testng.internal.Invoker.invokeConfigurations(Invoker.java:138)
	at org.testng.internal.TestMethodWorker.invokeBeforeClassMethods(TestMethodWorker.java:175)
	at org.testng.internal.TestMethodWorker.run(TestMethodWorker.java:107)
	at org.testng.TestRunner.privateRun(TestRunner.java:767)
	at org.testng.TestRunner.run(TestRunner.java:617)
	at org.testng.SuiteRunner.runTest(SuiteRunner.java:334)
	at org.testng.SuiteRunner.runSequentially(SuiteRunner.java:329)
	at org.testng.SuiteRunner.privateRun(SuiteRunner.java:291)
	at org.testng.SuiteRunner.run(SuiteRunner.java:240)
	at org.testng.SuiteRunnerWorker.runSuite(SuiteRunnerWorker.java:52)
	at org.testng.SuiteRunnerWorker.run(SuiteRunnerWorker.java:86)
	at org.testng.TestNG.runSuitesSequentially(TestNG.java:1224)
	at org.testng.TestNG.runSuitesLocally(TestNG.java:1149)
	at org.testng.TestNG.run(TestNG.java:1057)
	at org.testng.remote.RemoteTestNG.run(RemoteTestNG.java:111)
	at org.testng.remote.RemoteTestNG.initAndRun(RemoteTestNG.java:204)
	at org.testng.remote.RemoteTestNG.main(RemoteTestNG.java:175)
]]>
            </full-stacktrace>
          </exception> <!-- java.io.FileNotFoundException -->
          <reporter-output>
          </reporter-output>
        </test-method> <!-- configBeforeClass -->
        <test-method status="SKIP" signature="configBeforeMtd()[pri:0, instance:com.actitime.projectandcustomerTest.ProjectAndCustomerTest@863cc1]" name="configBeforeMtd" is-config="true" duration-ms="0" started-at="2015-01-21T22:22:08Z" finished-at="2015-01-21T22:22:08Z">
          <reporter-output>
          </reporter-output>
        </test-method> <!-- configBeforeMtd -->
        <test-method status="SKIP" signature="createCustomer()[pri:0, instance:com.actitime.projectandcustomerTest.ProjectAndCustomerTest@863cc1]" name="createCustomer" duration-ms="0" started-at="2015-01-21T22:22:08Z" finished-at="2015-01-21T22:22:08Z">
          <reporter-output>
          </reporter-output>
        </test-method> <!-- createCustomer -->
        <test-method status="SKIP" signature="configAfterClass()[pri:0, instance:com.actitime.projectandcustomerTest.ProjectAndCustomerTest@863cc1]" name="configAfterClass" is-config="true" duration-ms="0" started-at="2015-01-21T22:22:08Z" finished-at="2015-01-21T22:22:08Z">
          <reporter-output>
          </reporter-output>
        </test-method> <!-- configAfterClass -->
        <test-method status="SKIP" signature="configAfterMtd()[pri:0, instance:com.actitime.projectandcustomerTest.ProjectAndCustomerTest@863cc1]" name="configAfterMtd" is-config="true" duration-ms="0" started-at="2015-01-21T22:22:08Z" finished-at="2015-01-21T22:22:08Z">
          <reporter-output>
          </reporter-output>
        </test-method> <!-- configAfterMtd -->
        <test-method status="SKIP" signature="configAfterMtd()[pri:0, instance:com.actitime.projectandcustomerTest.ProjectAndCustomerTest@863cc1]" name="configAfterMtd" is-config="true" duration-ms="0" started-at="2015-01-21T22:22:08Z" finished-at="2015-01-21T22:22:08Z">
          <reporter-output>
          </reporter-output>
        </test-method> <!-- configAfterMtd -->
        <test-method status="SKIP" signature="configBeforeMtd()[pri:0, instance:com.actitime.projectandcustomerTest.ProjectAndCustomerTest@863cc1]" name="configBeforeMtd" is-config="true" duration-ms="0" started-at="2015-01-21T22:22:08Z" finished-at="2015-01-21T22:22:08Z">
          <reporter-output>
          </reporter-output>
        </test-method> <!-- configBeforeMtd -->
        <test-method status="SKIP" signature="modifyCustomer()[pri:0, instance:com.actitime.projectandcustomerTest.ProjectAndCustomerTest@863cc1]" name="modifyCustomer" duration-ms="0" started-at="2015-01-21T22:22:08Z" finished-at="2015-01-21T22:22:08Z">
          <reporter-output>
          </reporter-output>
        </test-method> <!-- modifyCustomer -->
      </class> <!-- com.actitime.projectandcustomerTest.ProjectAndCustomerTest -->
    </test> <!-- Default test -->
  </suite> <!-- Default suite -->
</testng-results>
